# P6 commands.log — 2026-07-17

## Worktree bootstrap
```
$env:WORKTREE_START_REF = '88004bf2d67eef4d453a11ca9ca98586bfefa060'
git worktree add --detach C:\Users\vince\.cursor\worktrees\fca-p6-fc24cead 88004bf2d67eef4d453a11ca9ca98586bfefa060
# exit 0 — HEAD 88004bf

git checkout -b proj/first-class-architecture/phase-6-discoverability
git merge 385e612e6013467ebba5b6d0855f8d1143ed02b4 -m "merge(P3): CI architecture diagram parity gate into P6 base"
# exit 0 — clean ort merge (P3 scripts + tests)
```

## Environment setup
```
python -m venv .venv
.venv/Scripts/python.exe -m pip install -r requirements.txt
npm install
# exit 0
```

## P6 acceptance (Git Bash)
```
rg -n 'screen=architecture|docs/architecture' AGENTS.md README.md
# exit 0 — 6 matches

test -f artifacts/platform/2026-07-17-first-class-architecture/REPORT.md
# exit 0

.venv/Scripts/python.exe scripts/check-architecture-diagrams.py
# exit 0 — architecture diagrams clean

./scripts/preflight.sh --mode pre-push
# exit 1 — tests/routing-postgres.test.ts (3 failed)
# stderr: Docker Desktop is unable to start
```

## Tip after commit
# (filled post-commit)
