# P3 commands log — TASK-498 SLO baseline

## Worktree

- WORKTREE_ID: elegant-p3-e73cd254
- WORKTREE_PATH: C:\Users\vince\.cursor\worktrees\elegant-p3-e73cd254
- REPO_ROOT: C:\Users\vince\.cursor\worktrees\PLX_MC-system-architecture
- Branch: proj/elegant-architecture-closeout/phase-3-slo-baseline
- MC-Checkout: dsp_mrw4askd1tb0lz

## Setup

```powershell
# worktree create (from repo root)
$env:WORKTREE_START_REF = 'proj/elegant-architecture-closeout/base'
# ... worktree add block ...

git checkout -B proj/elegant-architecture-closeout/phase-3-slo-baseline
vercel link --yes --project plx-mission-control --scope petralabx --token $env:VERCEL_TOKEN
```

## Measurement (production)

```powershell
node artifacts/platform/2026-07-22-sweep-self-check-slo/measure.mjs
```

## Acceptance (post-measure)

```powershell
node artifacts/platform/2026-07-22-sweep-self-check-slo/_verify.mjs
# verify: PASS counts window sanitization percentile recompute

python scripts/check-repo-hygiene.py
# repo hygiene clean
```

## Results (2026-07-22 window)

- Window: 2026-07-22T13:58:30.898Z → 2026-07-22T14:53:35.791Z (55.1 min)
- Sweep (n=12): p50=4467ms p95=5163ms
- Self-check (n=30): p50=206ms p95=629ms
- Transport: vercel-trigger-self-check-completion (direct bearer 401 from workstation)

## Parent acceptance corrections

```powershell
git diff --check
# exit 0; no output

node artifacts/platform/2026-07-22-sweep-self-check-slo/_verify.mjs
# verify: PASS counts window sanitization percentile recompute

python scripts/check-repo-hygiene.py
# repo hygiene clean
```

- No production samples or external mutations were run during correction.
